  apply resources_rule
  apply resources_rule
  apply resources_rule
  apply resources_rule
  apply resources_rule
  apply resources_rule
  apply resources_rule
  apply resources_rule
  apply resources_rule
  apply resources_rule
  apply resources_rule
  apply resources_rule
  apply resources_rule
  apply resources_rule
  apply resources_rule
  apply resources_rule
  apply resources_rule
  apply resources_rule
  apply resources_rule
  apply resources_rule
  apply resources_rule
  apply resources_rule
  apply resources_rule
  apply resources_rule
  apply resources_rule
  apply resources_rule
  apply resources_rule
  apply resources_rule
  apply resources_rule
  apply resources_rule
  apply resources_rule
  apply resources_rule
  apply make_rule
  view20.png.cxx
  unlock48.png.cxx
  unlock20.png.cxx
  transform20.png.cxx
  texture20.png.cxx
  style20.png.cxx
  save64.png.cxx
  save32.png.cxx
  remove_parent48.png.cxx
  project20.png.cxx
  primitive20.png.cxx
  prev_sibling48.png.cxx
  parent_node48.png.cxx
  open64.png.cxx
  open32.png.cxx
  next_sibling48.png.cxx
  molecule20.png.cxx
  mesh20.png.cxx
  material20.png.cxx
  main.cxx
  Generating Code...
  Compiling...
  lock48.png.cxx
  lock20.png.cxx
  light20.png.cxx
  last_child48.png.cxx
  image20.png.cxx
  first_child48.png.cxx
  empty20.png.cxx
  del_node48.png.cxx
  cut_node48.png.cxx
  cubemap20.png.cxx
  copy_node48.png.cxx
  append64.png.cxx
  append32.png.cxx
  Generating Code...
  cg_icons.vcxproj -> D:\Users\CGiron\Documents\Project\cgv-develop\lib\cg_icons_sd14.lib
