  apply make_rule
  tif_zip.c
  tif_write.c
  tif_warning.c
  tif_version.c
  tif_tile.c
  tif_thunder.c
  tif_swab.c
  tif_strip.c
  tif_read.c
d:\users\cgiron\documents\project\cgv-develop\3rd\tiff\tif_read.c(97): warning C4244: 'function': conversion from 'uint64' to '::size_t', possible loss of data
d:\users\cgiron\documents\project\cgv-develop\3rd\tiff\tif_read.c(116): warning C4244: '=': conversion from 'uint64' to 'tmsize_t', possible loss of data
d:\users\cgiron\documents\project\cgv-develop\3rd\tiff\tif_read.c(121): warning C4244: '=': conversion from 'uint64' to 'tmsize_t', possible loss of data
d:\users\cgiron\documents\project\cgv-develop\3rd\tiff\tif_read.c(144): warning C4244: '=': conversion from 'uint64' to 'tmsize_t', possible loss of data
d:\users\cgiron\documents\project\cgv-develop\3rd\tiff\tif_read.c(145): warning C4244: '=': conversion from 'uint64' to 'tmsize_t', possible loss of data
  tif_print.c
  tif_predict.c
  tif_pixarlog.c
  tif_packbits.c
  tif_os.c
  tif_open.c
  tif_ojpeg.c
  tif_next.c
  tif_lzw.c
  tif_lzma.c
  tif_luv.c
  Generating Code...
  Compiling...
  tif_jpeg_12.c
  tif_jpeg.c
  tif_jbig.c
  tif_getimage.c
  tif_flush.c
  tif_fax3sm.c
  tif_fax3.c
  tif_extension.c
  tif_error.c
  tif_dumpmode.c
  tif_dirwrite.c
  tif_dirread.c
  tif_dirinfo.c
  tif_dir.c
  tif_compress.c
  tif_color.c
  tif_codec.c
  tif_close.c
  tif_aux.c
  Generating Code...
  tif_stream.cxx
  tiff.vcxproj -> D:\Users\CGiron\Documents\Project\cgv-develop\lib\tiff_sd14.lib
