  apply make_rule
  volume_io.cxx
d:\program files (x86)\microsoft visual studio\2017\professional\vc\tools\msvc\14.10.25017\include\vector(701): warning C4251: 'std::_Vector_alloc<std::_Vec_base_types<_Ty,_Alloc>>::_Mypair': class 'std::_Compressed_pair<std::_Wrap_alloc<std::allocator<_Ty>>,std::_Vector_val<std::_Simple_types<cgv::data::ref_ptr<cgv::base::base,true>>>,true>' needs to have dll-interface to be used by clients of class 'std::_Vector_alloc<std::_Vec_base_types<_Ty,_Alloc>>'
          with
          [
              _Ty=cgv::data::ref_ptr<cgv::base::base,true>,
              _Alloc=std::allocator<cgv::data::ref_ptr<cgv::base::base,true>>
          ]
          and
          [
              _Ty=cgv::data::ref_ptr<cgv::base::base,true>
          ]
          and
          [
              _Ty=cgv::data::ref_ptr<cgv::base::base,true>,
              _Alloc=std::allocator<cgv::data::ref_ptr<cgv::base::base,true>>
          ]
  d:\program files (x86)\microsoft visual studio\2017\professional\vc\tools\msvc\14.10.25017\include\vector(680): note: see declaration of 'std::_Compressed_pair<std::_Wrap_alloc<std::allocator<_Ty>>,std::_Vector_val<std::_Simple_types<cgv::data::ref_ptr<cgv::base::base,true>>>,true>'
          with
          [
              _Ty=cgv::data::ref_ptr<cgv::base::base,true>
          ]
  d:\users\cgiron\documents\project\cgv-develop\cgv\base\base.h(187): note: see reference to class template instantiation 'std::vector<cgv::data::ref_ptr<cgv::base::base,true>,std::allocator<_Ty>>' being compiled
          with
          [
              _Ty=cgv::data::ref_ptr<cgv::base::base,true>
          ]
  volume.cxx
d:\program files (x86)\microsoft visual studio\2017\professional\vc\tools\msvc\14.10.25017\include\xutility(2350): warning C4996: 'std::copy::_Unchecked_iterators::_Deprecate': Call to 'std::copy' with parameters that may be unsafe - this call relies on the caller to check that the passed values are correct. To disable this warning, use -D_SCL_SECURE_NO_WARNINGS. See documentation on how to use Visual C++ 'Checked Iterators'
  d:\program files (x86)\microsoft visual studio\2017\professional\vc\tools\msvc\14.10.25017\include\xutility(2350): note: see declaration of 'std::copy::_Unchecked_iterators::_Deprecate'
  d:\users\cgiron\documents\project\exavol\libs\vol_data\volume.cxx(18): note: see reference to function template instantiation '_OutIt *std::copy<unsigned char*,unsigned char*>(_InIt,_InIt,_OutIt)' being compiled
          with
          [
              _OutIt=unsigned char *,
              _InIt=unsigned char *
          ]
  sliced_volume_io.cxx
  sliced_volume.cxx
d:\program files (x86)\microsoft visual studio\2017\professional\vc\tools\msvc\14.10.25017\include\vector(701): warning C4251: 'std::_Vector_alloc<std::_Vec_base_types<_Ty,_Alloc>>::_Mypair': class 'std::_Compressed_pair<std::_Wrap_alloc<std::allocator<_Ty>>,std::_Vector_val<std::_Simple_types<cgv::data::ref_ptr<cgv::base::base,true>>>,true>' needs to have dll-interface to be used by clients of class 'std::_Vector_alloc<std::_Vec_base_types<_Ty,_Alloc>>'
          with
          [
              _Ty=cgv::data::ref_ptr<cgv::base::base,true>,
              _Alloc=std::allocator<cgv::data::ref_ptr<cgv::base::base,true>>
          ]
          and
          [
              _Ty=cgv::data::ref_ptr<cgv::base::base,true>
          ]
          and
          [
              _Ty=cgv::data::ref_ptr<cgv::base::base,true>,
              _Alloc=std::allocator<cgv::data::ref_ptr<cgv::base::base,true>>
          ]
  d:\program files (x86)\microsoft visual studio\2017\professional\vc\tools\msvc\14.10.25017\include\vector(680): note: see declaration of 'std::_Compressed_pair<std::_Wrap_alloc<std::allocator<_Ty>>,std::_Vector_val<std::_Simple_types<cgv::data::ref_ptr<cgv::base::base,true>>>,true>'
          with
          [
              _Ty=cgv::data::ref_ptr<cgv::base::base,true>
          ]
  d:\users\cgiron\documents\project\cgv-develop\cgv\base\base.h(187): note: see reference to class template instantiation 'std::vector<cgv::data::ref_ptr<cgv::base::base,true>,std::allocator<_Ty>>' being compiled
          with
          [
              _Ty=cgv::data::ref_ptr<cgv::base::base,true>
          ]
d:\program files (x86)\microsoft visual studio\2017\professional\vc\tools\msvc\14.10.25017\include\xutility(2350): warning C4996: 'std::copy::_Unchecked_iterators::_Deprecate': Call to 'std::copy' with parameters that may be unsafe - this call relies on the caller to check that the passed values are correct. To disable this warning, use -D_SCL_SECURE_NO_WARNINGS. See documentation on how to use Visual C++ 'Checked Iterators'
  d:\program files (x86)\microsoft visual studio\2017\professional\vc\tools\msvc\14.10.25017\include\xutility(2350): note: see declaration of 'std::copy::_Unchecked_iterators::_Deprecate'
  d:\users\cgiron\documents\project\exavol\libs\vol_data\sliced_volume.cxx(131): note: see reference to function template instantiation '_OutIt *std::copy<char*,char*>(_InIt,_InIt,_OutIt)' being compiled
          with
          [
              _OutIt=char *,
              _InIt=char *
          ]
  Generating Code...
sliced_volume.obj : warning LNK4075: ignoring '/EDITANDCONTINUE' due to '/SAFESEH' specification
     Creating library D:\Users\CGiron\Documents\Project\cgv-develop\lib\vol_data_d14.lib and object D:\Users\CGiron\Documents\Project\cgv-develop\lib\vol_data_d14.exp
  vol_data.vcxproj -> D:\Users\CGiron\Documents\Project\cgv-develop\bin\vol_data_d14.dll
  vol_data.vcxproj -> D:\Users\CGiron\Documents\Project\cgv-develop\build\vs14\vol_data\vol_data_Debug Dll\vol_data_d14.pdb (Full PDB)
