  apply make_rule
  apply shader_rule
  apply shader_rule
  apply shader_rule
  apply shader_rule
  apply shader_rule
  apply shader_rule
  apply shader_rule
  apply shader_rule
  apply shader_rule
  apply shader_rule
  apply shader_rule
  apply shader_rule
  apply shader_rule
  apply shader_rule
  apply shader_rule
  apply shader_rule
  apply shader_rule
  apply shader_rule
  apply shader_rule
  apply shader_rule
  apply shader_rule
  apply shader_rule
  plot_base.cxx
d:\program files (x86)\microsoft visual studio\2017\professional\vc\tools\msvc\14.10.25017\include\vector(701): warning C4251: 'std::_Vector_alloc<std::_Vec_base_types<_Ty,_Alloc>>::_Mypair': class 'std::_Compressed_pair<std::_Wrap_alloc<std::allocator<_Ty>>,std::_Vector_val<std::_Simple_types<cgv::data::ref_ptr<cgv::base::base,true>>>,true>' needs to have dll-interface to be used by clients of class 'std::_Vector_alloc<std::_Vec_base_types<_Ty,_Alloc>>'
          with
          [
              _Ty=cgv::data::ref_ptr<cgv::base::base,true>,
              _Alloc=std::allocator<cgv::data::ref_ptr<cgv::base::base,true>>
          ]
          and
          [
              _Ty=cgv::data::ref_ptr<cgv::base::base,true>
          ]
          and
          [
              _Ty=cgv::data::ref_ptr<cgv::base::base,true>,
              _Alloc=std::allocator<cgv::data::ref_ptr<cgv::base::base,true>>
          ]
  d:\program files (x86)\microsoft visual studio\2017\professional\vc\tools\msvc\14.10.25017\include\vector(680): note: see declaration of 'std::_Compressed_pair<std::_Wrap_alloc<std::allocator<_Ty>>,std::_Vector_val<std::_Simple_types<cgv::data::ref_ptr<cgv::base::base,true>>>,true>'
          with
          [
              _Ty=cgv::data::ref_ptr<cgv::base::base,true>
          ]
  d:\users\cgiron\documents\project\cgv-develop\cgv\base\base.h(187): note: see reference to class template instantiation 'std::vector<cgv::data::ref_ptr<cgv::base::base,true>,std::allocator<_Ty>>' being compiled
          with
          [
              _Ty=cgv::data::ref_ptr<cgv::base::base,true>
          ]
  plot2d.cxx
d:\program files (x86)\microsoft visual studio\2017\professional\vc\tools\msvc\14.10.25017\include\vector(701): warning C4251: 'std::_Vector_alloc<std::_Vec_base_types<_Ty,_Alloc>>::_Mypair': class 'std::_Compressed_pair<std::_Wrap_alloc<std::allocator<_Ty>>,std::_Vector_val<std::_Simple_types<cgv::data::ref_ptr<cgv::base::base,true>>>,true>' needs to have dll-interface to be used by clients of class 'std::_Vector_alloc<std::_Vec_base_types<_Ty,_Alloc>>'
          with
          [
              _Ty=cgv::data::ref_ptr<cgv::base::base,true>,
              _Alloc=std::allocator<cgv::data::ref_ptr<cgv::base::base,true>>
          ]
          and
          [
              _Ty=cgv::data::ref_ptr<cgv::base::base,true>
          ]
          and
          [
              _Ty=cgv::data::ref_ptr<cgv::base::base,true>,
              _Alloc=std::allocator<cgv::data::ref_ptr<cgv::base::base,true>>
          ]
  d:\program files (x86)\microsoft visual studio\2017\professional\vc\tools\msvc\14.10.25017\include\vector(680): note: see declaration of 'std::_Compressed_pair<std::_Wrap_alloc<std::allocator<_Ty>>,std::_Vector_val<std::_Simple_types<cgv::data::ref_ptr<cgv::base::base,true>>>,true>'
          with
          [
              _Ty=cgv::data::ref_ptr<cgv::base::base,true>
          ]
  d:\users\cgiron\documents\project\cgv-develop\cgv\base\base.h(187): note: see reference to class template instantiation 'std::vector<cgv::data::ref_ptr<cgv::base::base,true>,std::allocator<_Ty>>' being compiled
          with
          [
              _Ty=cgv::data::ref_ptr<cgv::base::base,true>
          ]
  plot1d.cxx
d:\program files (x86)\microsoft visual studio\2017\professional\vc\tools\msvc\14.10.25017\include\vector(701): warning C4251: 'std::_Vector_alloc<std::_Vec_base_types<_Ty,_Alloc>>::_Mypair': class 'std::_Compressed_pair<std::_Wrap_alloc<std::allocator<_Ty>>,std::_Vector_val<std::_Simple_types<cgv::data::ref_ptr<cgv::base::base,true>>>,true>' needs to have dll-interface to be used by clients of class 'std::_Vector_alloc<std::_Vec_base_types<_Ty,_Alloc>>'
          with
          [
              _Ty=cgv::data::ref_ptr<cgv::base::base,true>,
              _Alloc=std::allocator<cgv::data::ref_ptr<cgv::base::base,true>>
          ]
          and
          [
              _Ty=cgv::data::ref_ptr<cgv::base::base,true>
          ]
          and
          [
              _Ty=cgv::data::ref_ptr<cgv::base::base,true>,
              _Alloc=std::allocator<cgv::data::ref_ptr<cgv::base::base,true>>
          ]
  d:\program files (x86)\microsoft visual studio\2017\professional\vc\tools\msvc\14.10.25017\include\vector(680): note: see declaration of 'std::_Compressed_pair<std::_Wrap_alloc<std::allocator<_Ty>>,std::_Vector_val<std::_Simple_types<cgv::data::ref_ptr<cgv::base::base,true>>>,true>'
          with
          [
              _Ty=cgv::data::ref_ptr<cgv::base::base,true>
          ]
  d:\users\cgiron\documents\project\cgv-develop\cgv\base\base.h(187): note: see reference to class template instantiation 'std::vector<cgv::data::ref_ptr<cgv::base::base,true>,std::allocator<_Ty>>' being compiled
          with
          [
              _Ty=cgv::data::ref_ptr<cgv::base::base,true>
          ]
  Generating Code...
d:\users\cgiron\documents\project\cgv-develop\libs\plot\plot1d.cxx(209): warning C4172: returning address of local variable or temporary
d:\users\cgiron\documents\project\cgv-develop\libs\plot\plot1d.cxx(194): warning C4172: returning address of local variable or temporary
plot1d.obj : warning LNK4075: ignoring '/EDITANDCONTINUE' due to '/SAFESEH' specification
     Creating library D:\Users\CGiron\Documents\Project\cgv-develop\lib\plot_d14.lib and object D:\Users\CGiron\Documents\Project\cgv-develop\lib\plot_d14.exp
  plot.vcxproj -> D:\Users\CGiron\Documents\Project\cgv-develop\bin\plot_d14.dll
  plot.vcxproj -> D:\Users\CGiron\Documents\Project\cgv-develop\build\vs14\plot\plot_Debug Dll\plot_d14.pdb (Full PDB)
